{"stats":{"suites":2,"tests":2,"passes":1,"pending":0,"failures":1,"start":"2018-08-29T02:05:27.788Z","end":"2018-08-29T02:05:38.411Z","duration":10623,"testsRegistered":2,"passPercent":50,"pendingPercent":0,"other":0,"hasOther":false,"skipped":0,"hasSkipped":false,"passPercentClass":"success","pendingPercentClass":"danger"},"suites":{"title":"","suites":[{"title":"Main Page (chrome)","suites":[],"tests":[{"title":"should create cdb cookie after user accepts cookies policy","fullTitle":"should create cdb cookie after user accepts cookies policy","timedOut":false,"duration":3572,"speed":"fast","pass":true,"fail":false,"pending":false,"code":"","isRoot":false,"uuid":"2495af3f-4d28-4c38-ae9f-aa8583b2a39e","parentUUID":"bfe66eef-913c-46bd-aae1-56fed9061989","skipped":false,"isHook":false,"context":"[{\"title\":\"Session Id\",\"value\":\"f108dd448920d503c020366e6bf1199c\"}]","state":"passed","err":{}}],"pending":[],"root":false,"fullFile":"","file":"","passes":[{"title":"should create cdb cookie after user accepts cookies policy","fullTitle":"should create cdb cookie after user accepts cookies policy","timedOut":false,"duration":3572,"speed":"fast","pass":true,"fail":false,"pending":false,"code":"","isRoot":false,"uuid":"2495af3f-4d28-4c38-ae9f-aa8583b2a39e","parentUUID":"bfe66eef-913c-46bd-aae1-56fed9061989","skipped":false,"isHook":false,"context":"[{\"title\":\"Session Id\",\"value\":\"f108dd448920d503c020366e6bf1199c\"}]","state":"passed","err":{}}],"failures":[],"skipped":[],"hasTests":true,"hasSuites":false,"totalTests":1,"totalPasses":1,"totalFailures":0,"totalPending":0,"totalSkipped":0,"hasPasses":true,"hasFailures":false,"hasPending":false,"hasSkipped":false,"duration":3572,"_timeout":0,"uuid":"bfe66eef-913c-46bd-aae1-56fed9061989","hasBeforeHooks":false,"beforeHooks":[],"hasAfterHooks":false,"afterHooks":[]},{"title":"Main Page (chrome)","suites":[],"tests":[{"title":"should be able to switch between different languages","fullTitle":"should be able to switch between different languages","timedOut":false,"duration":2311,"speed":"fast","pass":false,"fail":true,"pending":false,"code":"","isRoot":false,"uuid":"650a9610-be1e-4deb-b7bb-eac5d0769958","parentUUID":"a2d77837-41ee-408f-8703-c2f5515d05b4","skipped":false,"isHook":false,"context":"[{\"title\":\"Session Id\",\"value\":\"f108dd448920d503c020366e6bf1199c\"}]","state":"failed","err":{"name":"Error","message":"An element could not be located on the page using the given search parameters (\"#subheader-desktop > nav > ul.subheader-right > li:nth-child(2):nth-child(4) > a\").","estack":"Error: An element could not be located on the page using the given search parameters (\"#subheader-desktop > nav > ul.subheader-right > li:nth-child(2):nth-child(4) > a\").\n    at click() - index.js:312:3","stack":"Error: An element could not be located on the page using the given search parameters (\"#subheader-desktop > nav > ul.subheader-right > li:nth-child(2):nth-child(4) > a\").\n    at click() - index.js:312:3"}}],"pending":[],"root":false,"fullFile":"","file":"","passes":[],"failures":[{"title":"should be able to switch between different languages","fullTitle":"should be able to switch between different languages","timedOut":false,"duration":2311,"speed":"fast","pass":false,"fail":true,"pending":false,"code":"","isRoot":false,"uuid":"650a9610-be1e-4deb-b7bb-eac5d0769958","parentUUID":"a2d77837-41ee-408f-8703-c2f5515d05b4","skipped":false,"isHook":false,"context":"[{\"title\":\"Session Id\",\"value\":\"f108dd448920d503c020366e6bf1199c\"}]","state":"failed","err":{"name":"Error","message":"An element could not be located on the page using the given search parameters (\"#subheader-desktop > nav > ul.subheader-right > li:nth-child(2):nth-child(4) > a\").","estack":"Error: An element could not be located on the page using the given search parameters (\"#subheader-desktop > nav > ul.subheader-right > li:nth-child(2):nth-child(4) > a\").\n    at click() - index.js:312:3","stack":"Error: An element could not be located on the page using the given search parameters (\"#subheader-desktop > nav > ul.subheader-right > li:nth-child(2):nth-child(4) > a\").\n    at click() - index.js:312:3"}}],"skipped":[],"hasTests":true,"hasSuites":false,"totalTests":1,"totalPasses":0,"totalFailures":1,"totalPending":0,"totalSkipped":0,"hasPasses":false,"hasFailures":true,"hasPending":false,"hasSkipped":false,"duration":2312,"_timeout":0,"uuid":"a2d77837-41ee-408f-8703-c2f5515d05b4","hasBeforeHooks":false,"beforeHooks":[],"hasAfterHooks":false,"afterHooks":[]}],"tests":[],"pending":[],"root":true,"fullFile":"","file":"","passes":[],"failures":[],"skipped":[],"hasTests":false,"hasSuites":true,"totalTests":0,"totalPasses":0,"totalFailures":0,"totalPending":0,"totalSkipped":0,"hasPasses":false,"hasFailures":false,"hasPending":false,"hasSkipped":false,"duration":0,"_timeout":0,"uuid":"027f890b-f590-4eeb-8b69-e1f0d6bb88eb","hasBeforeHooks":false,"beforeHooks":[],"hasAfterHooks":false,"afterHooks":[]},"allTests":[{"title":"should create cdb cookie after user accepts cookies policy","fullTitle":"should create cdb cookie after user accepts cookies policy","timedOut":false,"duration":3572,"speed":"fast","pass":true,"fail":false,"pending":false,"code":"","isRoot":false,"uuid":"2495af3f-4d28-4c38-ae9f-aa8583b2a39e","parentUUID":"bfe66eef-913c-46bd-aae1-56fed9061989","skipped":false,"isHook":false,"context":"[{\"title\":\"Session Id\",\"value\":\"f108dd448920d503c020366e6bf1199c\"}]","state":"passed","err":{}},{"title":"should be able to switch between different languages","fullTitle":"should be able to switch between different languages","timedOut":false,"duration":2311,"speed":"fast","pass":false,"fail":true,"pending":false,"code":"","isRoot":false,"uuid":"650a9610-be1e-4deb-b7bb-eac5d0769958","parentUUID":"a2d77837-41ee-408f-8703-c2f5515d05b4","skipped":false,"isHook":false,"context":"[{\"title\":\"Session Id\",\"value\":\"f108dd448920d503c020366e6bf1199c\"}]","state":"failed","err":{"name":"Error","message":"An element could not be located on the page using the given search parameters (\"#subheader-desktop > nav > ul.subheader-right > li:nth-child(2):nth-child(4) > a\").","estack":"Error: An element could not be located on the page using the given search parameters (\"#subheader-desktop > nav > ul.subheader-right > li:nth-child(2):nth-child(4) > a\").\n    at click() - index.js:312:3","stack":"Error: An element could not be located on the page using the given search parameters (\"#subheader-desktop > nav > ul.subheader-right > li:nth-child(2):nth-child(4) > a\").\n    at click() - index.js:312:3"}}],"allPending":[],"allPasses":[{"title":"should create cdb cookie after user accepts cookies policy","fullTitle":"should create cdb cookie after user accepts cookies policy","timedOut":false,"duration":3572,"speed":"fast","pass":true,"fail":false,"pending":false,"code":"","isRoot":false,"uuid":"2495af3f-4d28-4c38-ae9f-aa8583b2a39e","parentUUID":"bfe66eef-913c-46bd-aae1-56fed9061989","skipped":false,"isHook":false,"context":"[{\"title\":\"Session Id\",\"value\":\"f108dd448920d503c020366e6bf1199c\"}]","state":"passed","err":{}}],"allFailures":[{"title":"should be able to switch between different languages","fullTitle":"should be able to switch between different languages","timedOut":false,"duration":2311,"speed":"fast","pass":false,"fail":true,"pending":false,"code":"","isRoot":false,"uuid":"650a9610-be1e-4deb-b7bb-eac5d0769958","parentUUID":"a2d77837-41ee-408f-8703-c2f5515d05b4","skipped":false,"isHook":false,"context":"[{\"title\":\"Session Id\",\"value\":\"f108dd448920d503c020366e6bf1199c\"}]","state":"failed","err":{"name":"Error","message":"An element could not be located on the page using the given search parameters (\"#subheader-desktop > nav > ul.subheader-right > li:nth-child(2):nth-child(4) > a\").","estack":"Error: An element could not be located on the page using the given search parameters (\"#subheader-desktop > nav > ul.subheader-right > li:nth-child(2):nth-child(4) > a\").\n    at click() - index.js:312:3","stack":"Error: An element could not be located on the page using the given search parameters (\"#subheader-desktop > nav > ul.subheader-right > li:nth-child(2):nth-child(4) > a\").\n    at click() - index.js:312:3"}}],"copyrightYear":2018}